<?xml version="1.0" encoding="UTF-8"?>
<testng-results skipped="0" failed="0" total="1" passed="1">
  <reporter-output>
  </reporter-output>
  <suite name="Default suite" duration-ms="89" started-at="2015-10-15T04:19:21Z" finished-at="2015-10-15T04:19:21Z">
    <groups>
    </groups>
    <test name="Default test" duration-ms="89" started-at="2015-10-15T04:19:21Z" finished-at="2015-10-15T04:19:21Z">
      <class name="interfacePerformance.util.BasicPortal">
        <test-method status="PASS" signature="main1()[pri:0, instance:interfacePerformance.util.BasicPortal@448e7f2f]" name="main1" duration-ms="78" started-at="2015-10-15T12:19:21Z" finished-at="2015-10-15T12:19:21Z">
          <reporter-output>
          </reporter-output>
        </test-method> <!-- main1 -->
      </class> <!-- interfacePerformance.util.BasicPortal -->
    </test> <!-- Default test -->
  </suite> <!-- Default suite -->
</testng-results>
